        -:    0:Source:cardtest2.c
        -:    0:Graph:cardtest2.gcno
        -:    0:Data:cardtest2.gcda
        -:    0:Runs:1
        -:    0:Programs:1
        -:    1:// cardtest2.c 
        -:    2:// This tests the Smithy Card  
        -:    3:
        -:    4:#include "dominion.h"
        -:    5:#include "dominion_helpers.h"
        -:    6:#include <string.h>
        -:    7:#include <stdio.h>
        -:    8:#include <assert.h>
        -:    9:#include "rngs.h"
        -:   10:
        -:   11:// global count of test failures
        -:   12:int failureCount = 0;
        -:   13:
        -:   14:// my own assertTrue function - this checkes if two ints are equal or not
       17:   15:void assertTrue(int a, int b) {
       17:   16:    if (a == b) {
       15:   17:        printf("Test: SUCCESSFULLY COMPLETED\n");
        -:   18:    }
        -:   19:    else {
        2:   20:        printf("Test: FAILED\n");
        2:   21:        failureCount++;
        -:   22:    }
       17:   23:}
        -:   24:
        -:   25:// runs the tests
        1:   26:int main () {
        -:   27:    int i;
        1:   28:    int numbPlayers = 2;
        1:   29:    int player0 = 0;
        1:   30:    int player1 = 1;
        -:   31:
        1:   32:    int handpos = 0;
        1:   33:    int choice1 = 0, choice2 = 0, choice3 = 0;
        1:   34:    int bonus = 0;
        -:   35:
        -:   36:    // kingdom cards
        1:   37:    int k[10] = {adventurer, council_room, feast, gardens, mine,
        -:   38:               remodel, smithy, village, baron, great_hall};
        -:   39:
        1:   40:    int seed = 2000;
        -:   41:    struct gameState state, stateOriginal;
        -:   42:
        1:   43:    printf("Testing -> smithyCard()\n");
        1:   44:    memset(&state,23,sizeof(struct gameState));
        1:   45:    memset(&stateOriginal,23,sizeof(struct gameState));
        -:   46:
        -:   47:    // create the game state
        1:   48:    initializeGame(numbPlayers, k, seed, &state);
        -:   49:
        -:   50:    // copy it to preserve it
        1:   51:    memcpy(&stateOriginal, &state, sizeof(struct gameState));
        -:   52:
        1:   53:    cardEffect(smithy, choice1, choice2, choice3, &state, handpos, &bonus);
        -:   54:
        1:   55:    printf("\nPlayer0 gains 3 cards\n");
        1:   56:    assertTrue(state.handCount[player0],stateOriginal.handCount[player0]+3);
        -:   57:
        1:   58:    printf("\nPlayer0 gains 3 cards from his own pile\n");
        1:   59:    assertTrue(state.deckCount[player0],stateOriginal.deckCount[player0]-3);
        -:   60:
        1:   61:    printf("\nNo change to victory card piles\n");
        1:   62:    printf("Province Pile\n");
        1:   63:    assertTrue(state.supplyCount[province],stateOriginal.supplyCount[province]);
        1:   64:    printf("Duchy Pile\n");
        1:   65:    assertTrue(state.supplyCount[duchy],stateOriginal.supplyCount[duchy]);
        1:   66:    printf("Estate Pile\n");
        1:   67:    assertTrue(state.supplyCount[estate],stateOriginal.supplyCount[estate]);
        -:   68:
        1:   69:    printf("\nNo change to kingdom card piles\n");
       11:   70:    for (i = 0; i < 10; i++) {
       10:   71:        printf("checking card piles...\n");
       10:   72:        assertTrue(state.supplyCount[k[i]],stateOriginal.supplyCount[k[i]]);
        -:   73:    }
        -:   74:
        1:   75:    printf("\nPlayer1 was not affected\n");
        1:   76:    printf("Hand Count\n");
        1:   77:    assertTrue(state.handCount[player1],stateOriginal.handCount[player1]);
        1:   78:    printf("Deck Count\n");
        1:   79:    assertTrue(state.deckCount[player1],stateOriginal.deckCount[player1]);
        -:   80:
        1:   81:    if (failureCount) {
        1:   82:        printf("\nTEST FAILED\n");
        1:   83:        printf("Fails: %d\n",failureCount);
        -:   84:    }
        -:   85:    else {
    #####:   86:        printf("\nTEST SUCCESSFULLY COMPLETED\n\n");
        -:   87:    }
        -:   88:
        1:   89:    return 0;
        -:   90:}
