        -:    0:Source:dominion.c
        -:    0:Graph:dominion.gcno
        -:    0:Data:dominion.gcda
        -:    0:Runs:1
        -:    0:Programs:1
        -:    1:#include "dominion.h"
        -:    2:#include "dominion_helpers.h"
        -:    3:#include "rngs.h"
        -:    4:#include <stdio.h>
        -:    5:#include <math.h>
        -:    6:#include <stdlib.h>
        -:    7:
   512154:    8:int compare(const void *a, const void *b)
        -:    9:{
   512154:   10:  if (*(int *)a > *(int *)b)
   262702:   11:    return 1;
   249452:   12:  if (*(int *)a < *(int *)b)
   249452:   13:    return -1;
    #####:   14:  return 0;
        -:   15:}
        -:   16:
    #####:   17:struct gameState *newGame()
        -:   18:{
    #####:   19:  struct gameState *g = malloc(sizeof(struct gameState));
    #####:   20:  return g;
        -:   21:}
        -:   22:
    #####:   23:int *kingdomCards(int k1, int k2, int k3, int k4, int k5, int k6, int k7,
        -:   24:                  int k8, int k9, int k10)
        -:   25:{
    #####:   26:  int *k = malloc(10 * sizeof(int));
    #####:   27:  k[0] = k1;
    #####:   28:  k[1] = k2;
    #####:   29:  k[2] = k3;
    #####:   30:  k[3] = k4;
    #####:   31:  k[4] = k5;
    #####:   32:  k[5] = k6;
    #####:   33:  k[6] = k7;
    #####:   34:  k[7] = k8;
    #####:   35:  k[8] = k9;
    #####:   36:  k[9] = k10;
    #####:   37:  return k;
        -:   38:}
        -:   39:
    #####:   40:int initializeGame(int numPlayers, int kingdomCards[10], int randomSeed,
        -:   41:                   struct gameState *state)
        -:   42:{
        -:   43:
        -:   44:  int i;
        -:   45:  int j;
        -:   46:  int it;
        -:   47:  //set up random number generator
    #####:   48:  SelectStream(1);
    #####:   49:  PutSeed((long)randomSeed);
        -:   50:
        -:   51:  //check number of players
    #####:   52:  if (numPlayers > MAX_PLAYERS || numPlayers < 2)
        -:   53:  {
    #####:   54:    return -1;
        -:   55:  }
        -:   56:
        -:   57:  //set number of players
    #####:   58:  state->numPlayers = numPlayers;
        -:   59:
        -:   60:  //check selected kingdom cards are different
    #####:   61:  for (i = 0; i < 10; i++)
        -:   62:  {
    #####:   63:    for (j = 0; j < 10; j++)
        -:   64:    {
    #####:   65:      if (j != i && kingdomCards[j] == kingdomCards[i])
        -:   66:      {
    #####:   67:        return -1;
        -:   68:      }
        -:   69:    }
        -:   70:  }
        -:   71:
        -:   72:  //initialize supply
        -:   73:  ///////////////////////////////
        -:   74:
        -:   75:  //set number of Curse cards
    #####:   76:  if (numPlayers == 2)
        -:   77:  {
    #####:   78:    state->supplyCount[curse] = 10;
        -:   79:  }
    #####:   80:  else if (numPlayers == 3)
        -:   81:  {
    #####:   82:    state->supplyCount[curse] = 20;
        -:   83:  }
        -:   84:  else
        -:   85:  {
    #####:   86:    state->supplyCount[curse] = 30;
        -:   87:  }
        -:   88:
        -:   89:  //set number of Victory cards
    #####:   90:  if (numPlayers == 2)
        -:   91:  {
    #####:   92:    state->supplyCount[estate] = 8;
    #####:   93:    state->supplyCount[duchy] = 8;
    #####:   94:    state->supplyCount[province] = 8;
        -:   95:  }
        -:   96:  else
        -:   97:  {
    #####:   98:    state->supplyCount[estate] = 12;
    #####:   99:    state->supplyCount[duchy] = 12;
    #####:  100:    state->supplyCount[province] = 12;
        -:  101:  }
        -:  102:
        -:  103:  //set number of Treasure cards
    #####:  104:  state->supplyCount[copper] = 60 - (7 * numPlayers);
    #####:  105:  state->supplyCount[silver] = 40;
    #####:  106:  state->supplyCount[gold] = 30;
        -:  107:
        -:  108:  //set number of Kingdom cards
    #####:  109:  for (i = adventurer; i <= treasure_map; i++) //loop all cards
        -:  110:  {
    #####:  111:    for (j = 0; j < 10; j++) //loop chosen cards
        -:  112:    {
    #####:  113:      if (kingdomCards[j] == i)
        -:  114:      {
        -:  115:        //check if card is a 'Victory' Kingdom card
    #####:  116:        if (kingdomCards[j] == great_hall || kingdomCards[j] == gardens)
        -:  117:        {
    #####:  118:          if (numPlayers == 2)
        -:  119:          {
    #####:  120:            state->supplyCount[i] = 8;
        -:  121:          }
        -:  122:          else
        -:  123:          {
    #####:  124:            state->supplyCount[i] = 12;
        -:  125:          }
        -:  126:        }
        -:  127:        else
        -:  128:        {
    #####:  129:          state->supplyCount[i] = 10;
        -:  130:        }
    #####:  131:        break;
        -:  132:      }
        -:  133:      else //card is not in the set choosen for the game
        -:  134:      {
    #####:  135:        state->supplyCount[i] = -1;
        -:  136:      }
        -:  137:    }
        -:  138:  }
        -:  139:
        -:  140:  ////////////////////////
        -:  141:  //supply intilization complete
        -:  142:
        -:  143:  //set player decks
    #####:  144:  for (i = 0; i < numPlayers; i++)
        -:  145:  {
    #####:  146:    state->deckCount[i] = 0;
    #####:  147:    for (j = 0; j < 3; j++)
        -:  148:    {
    #####:  149:      state->deck[i][j] = estate;
    #####:  150:      state->deckCount[i]++;
        -:  151:    }
    #####:  152:    for (j = 3; j < 10; j++)
        -:  153:    {
    #####:  154:      state->deck[i][j] = copper;
    #####:  155:      state->deckCount[i]++;
        -:  156:    }
        -:  157:  }
        -:  158:
        -:  159:  //shuffle player decks
    #####:  160:  for (i = 0; i < numPlayers; i++)
        -:  161:  {
    #####:  162:    if (shuffle(i, state) < 0)
        -:  163:    {
    #####:  164:      return -1;
        -:  165:    }
        -:  166:  }
        -:  167:
        -:  168:  //draw player hands
    #####:  169:  for (i = 0; i < numPlayers; i++)
        -:  170:  {
        -:  171:    //initialize hand size to zero
    #####:  172:    state->handCount[i] = 0;
    #####:  173:    state->discardCount[i] = 0;
        -:  174:    //draw 5 cards
        -:  175:    // for (j = 0; j < 5; j++)
        -:  176:    //	{
        -:  177:    //	  drawCard(i, state);
        -:  178:    //	}
        -:  179:  }
        -:  180:
        -:  181:  //set embargo tokens to 0 for all supply piles
    #####:  182:  for (i = 0; i <= treasure_map; i++)
        -:  183:  {
    #####:  184:    state->embargoTokens[i] = 0;
        -:  185:  }
        -:  186:
        -:  187:  //initialize first player's turn
    #####:  188:  state->outpostPlayed = 0;
    #####:  189:  state->phase = 0;
    #####:  190:  state->numActions = 1;
    #####:  191:  state->numBuys = 1;
    #####:  192:  state->playedCardCount = 0;
    #####:  193:  state->whoseTurn = 0;
    #####:  194:  state->handCount[state->whoseTurn] = 0;
        -:  195:  //int it; move to top
        -:  196:
        -:  197:  //Moved draw cards to here, only drawing at the start of a turn
    #####:  198:  for (it = 0; it < 5; it++)
        -:  199:  {
    #####:  200:    drawCard(state->whoseTurn, state);
        -:  201:  }
        -:  202:
    #####:  203:  updateCoins(state->whoseTurn, state, 0);
        -:  204:
    #####:  205:  return 0;
        -:  206:}
        -:  207:
      246:  208:int shuffle(int player, struct gameState *state)
        -:  209:{
        -:  210:
        -:  211:  int newDeck[MAX_DECK];
      246:  212:  int newDeckPos = 0;
        -:  213:  int card;
        -:  214:  int i;
        -:  215:
      246:  216:  if (state->deckCount[player] < 1)
    #####:  217:    return -1;
      246:  218:  qsort((void *)(state->deck[player]), state->deckCount[player], sizeof(int), compare);
        -:  219:  /* SORT CARDS IN DECK TO ENSURE DETERMINISM! */
        -:  220:
    72222:  221:  while (state->deckCount[player] > 0)
        -:  222:  {
    71730:  223:    card = floor(Random() * state->deckCount[player]);
    71730:  224:    newDeck[newDeckPos] = state->deck[player][card];
    71730:  225:    newDeckPos++;
  6370587:  226:    for (i = card; i < state->deckCount[player] - 1; i++)
        -:  227:    {
  6298857:  228:      state->deck[player][i] = state->deck[player][i + 1];
        -:  229:    }
    71730:  230:    state->deckCount[player]--;
        -:  231:  }
    71976:  232:  for (i = 0; i < newDeckPos; i++)
        -:  233:  {
    71730:  234:    state->deck[player][i] = newDeck[i];
    71730:  235:    state->deckCount[player]++;
        -:  236:  }
        -:  237:
      246:  238:  return 0;
        -:  239:}
        -:  240:
    #####:  241:int playCard(int handPos, int choice1, int choice2, int choice3, struct gameState *state)
        -:  242:{
        -:  243:  int card;
    #####:  244:  int coin_bonus = 0; //tracks coins gain from actions
        -:  245:
        -:  246:  //check if it is the right phase
    #####:  247:  if (state->phase != 0)
        -:  248:  {
    #####:  249:    return -1;
        -:  250:  }
        -:  251:
        -:  252:  //check if player has enough actions
    #####:  253:  if (state->numActions < 1)
        -:  254:  {
    #####:  255:    return -1;
        -:  256:  }
        -:  257:
        -:  258:  //get card played
    #####:  259:  card = handCard(handPos, state);
        -:  260:
        -:  261:  //check if selected card is an action
    #####:  262:  if (card < adventurer || card > treasure_map)
        -:  263:  {
    #####:  264:    return -1;
        -:  265:  }
        -:  266:
        -:  267:  //play card
    #####:  268:  if (cardEffect(card, choice1, choice2, choice3, state, handPos, &coin_bonus) < 0)
        -:  269:  {
    #####:  270:    return -1;
        -:  271:  }
        -:  272:
        -:  273:  //reduce number of actions
    #####:  274:  state->numActions--;
        -:  275:
        -:  276:  //update coins (Treasure cards may be added with card draws)
    #####:  277:  updateCoins(state->whoseTurn, state, coin_bonus);
        -:  278:
    #####:  279:  return 0;
        -:  280:}
        -:  281:
    #####:  282:int buyCard(int supplyPos, struct gameState *state)
        -:  283:{
        -:  284:  int who;
        -:  285:  if (DEBUG)
        -:  286:  {
        -:  287:    printf("Entering buyCard...\n");
        -:  288:  }
        -:  289:
        -:  290:  // I don't know what to do about the phase thing.
        -:  291:
    #####:  292:  who = state->whoseTurn;
        -:  293:
    #####:  294:  if (state->numBuys < 1)
        -:  295:  {
        -:  296:    if (DEBUG)
        -:  297:      printf("You do not have any buys left\n");
    #####:  298:    return -1;
        -:  299:  }
    #####:  300:  else if (supplyCount(supplyPos, state) < 1)
        -:  301:  {
        -:  302:    if (DEBUG)
        -:  303:      printf("There are not any of that type of card left\n");
    #####:  304:    return -1;
        -:  305:  }
    #####:  306:  else if (state->coins < getCost(supplyPos))
        -:  307:  {
        -:  308:    if (DEBUG)
        -:  309:      printf("You do not have enough money to buy that. You have %d coins.\n", state->coins);
    #####:  310:    return -1;
        -:  311:  }
        -:  312:  else
        -:  313:  {
    #####:  314:    state->phase = 1;
        -:  315:    //state->supplyCount[supplyPos]--;
    #####:  316:    gainCard(supplyPos, state, 0, who); //card goes in discard, this might be wrong.. (2 means goes into hand, 0 goes into discard)
        -:  317:
    #####:  318:    state->coins = (state->coins) - (getCost(supplyPos));
    #####:  319:    state->numBuys--;
        -:  320:    if (DEBUG)
        -:  321:      printf("You bought card number %d for %d coins. You now have %d buys and %d coins.\n", supplyPos, getCost(supplyPos), state->numBuys, state->coins);
        -:  322:  }
        -:  323:
        -:  324:  //state->discard[who][state->discardCount[who]] = supplyPos;
        -:  325:  //state->discardCount[who]++;
        -:  326:
    #####:  327:  return 0;
        -:  328:}
        -:  329:
    #####:  330:int numHandCards(struct gameState *state)
        -:  331:{
    #####:  332:  return state->handCount[whoseTurn(state)];
        -:  333:}
        -:  334:
    #####:  335:int handCard(int handPos, struct gameState *state)
        -:  336:{
    #####:  337:  int currentPlayer = whoseTurn(state);
    #####:  338:  return state->hand[currentPlayer][handPos];
        -:  339:}
        -:  340:
    #####:  341:int supplyCount(int card, struct gameState *state)
        -:  342:{
    #####:  343:  return state->supplyCount[card];
        -:  344:}
        -:  345:
    #####:  346:int fullDeckCount(int player, int card, struct gameState *state)
        -:  347:{
        -:  348:  int i;
    #####:  349:  int count = 0;
        -:  350:
    #####:  351:  for (i = 0; i < state->deckCount[player]; i++)
        -:  352:  {
    #####:  353:    if (state->deck[player][i] == card)
    #####:  354:      count++;
        -:  355:  }
        -:  356:
    #####:  357:  for (i = 0; i < state->handCount[player]; i++)
        -:  358:  {
    #####:  359:    if (state->hand[player][i] == card)
    #####:  360:      count++;
        -:  361:  }
        -:  362:
    #####:  363:  for (i = 0; i < state->discardCount[player]; i++)
        -:  364:  {
    #####:  365:    if (state->discard[player][i] == card)
    #####:  366:      count++;
        -:  367:  }
        -:  368:
    #####:  369:  return count;
        -:  370:}
        -:  371:
    10000:  372:int whoseTurn(struct gameState *state)
        -:  373:{
    10000:  374:  return state->whoseTurn;
        -:  375:}
        -:  376:
    #####:  377:int endTurn(struct gameState *state)
        -:  378:{
        -:  379:  int k;
        -:  380:  int i;
    #####:  381:  int currentPlayer = whoseTurn(state);
        -:  382:
        -:  383:  //Discard hand
    #####:  384:  for (i = 0; i < state->handCount[currentPlayer]; i++)
        -:  385:  {
    #####:  386:    state->discard[currentPlayer][state->discardCount[currentPlayer]++] = state->hand[currentPlayer][i]; //Discard
    #####:  387:    state->hand[currentPlayer][i] = -1;                                                                  //Set card to -1
        -:  388:  }
    #####:  389:  state->handCount[currentPlayer] = 0; //Reset hand count
        -:  390:
        -:  391:  //Code for determining the player
    #####:  392:  if (currentPlayer < (state->numPlayers - 1))
        -:  393:  {
    #####:  394:    state->whoseTurn = currentPlayer + 1; //Still safe to increment
        -:  395:  }
        -:  396:  else
        -:  397:  {
    #####:  398:    state->whoseTurn = 0; //Max player has been reached, loop back around to player 1
        -:  399:  }
        -:  400:
    #####:  401:  state->outpostPlayed = 0;
    #####:  402:  state->phase = 0;
    #####:  403:  state->numActions = 1;
    #####:  404:  state->coins = 0;
    #####:  405:  state->numBuys = 1;
    #####:  406:  state->playedCardCount = 0;
    #####:  407:  state->handCount[state->whoseTurn] = 0;
        -:  408:
        -:  409:  //int k; move to top
        -:  410:  //Next player draws hand
    #####:  411:  for (k = 0; k < 5; k++)
        -:  412:  {
    #####:  413:    drawCard(state->whoseTurn, state); //Draw a card
        -:  414:  }
        -:  415:
        -:  416:  //Update money
    #####:  417:  updateCoins(state->whoseTurn, state, 0);
        -:  418:
    #####:  419:  return 0;
        -:  420:}
        -:  421:
    #####:  422:int isGameOver(struct gameState *state)
        -:  423:{
        -:  424:  int i;
        -:  425:  int j;
        -:  426:
        -:  427:  //if stack of Province cards is empty, the game ends
    #####:  428:  if (state->supplyCount[province] == 0)
        -:  429:  {
    #####:  430:    return 1;
        -:  431:  }
        -:  432:
        -:  433:  //if three supply pile are at 0, the game ends
    #####:  434:  j = 0;
    #####:  435:  for (i = 0; i < 25; i++)
        -:  436:  {
    #####:  437:    if (state->supplyCount[i] == 0)
        -:  438:    {
    #####:  439:      j++;
        -:  440:    }
        -:  441:  }
    #####:  442:  if (j >= 3)
        -:  443:  {
    #####:  444:    return 1;
        -:  445:  }
        -:  446:
    #####:  447:  return 0;
        -:  448:}
        -:  449:
    #####:  450:int scoreFor(int player, struct gameState *state)
        -:  451:{
        -:  452:
        -:  453:  int i;
    #####:  454:  int score = 0;
        -:  455:  //score from hand
    #####:  456:  for (i = 0; i < state->handCount[player]; i++)
        -:  457:  {
    #####:  458:    if (state->hand[player][i] == curse)
        -:  459:    {
    #####:  460:      score = score - 1;
        -:  461:    };
    #####:  462:    if (state->hand[player][i] == estate)
        -:  463:    {
    #####:  464:      score = score + 1;
        -:  465:    };
    #####:  466:    if (state->hand[player][i] == duchy)
        -:  467:    {
    #####:  468:      score = score + 3;
        -:  469:    };
    #####:  470:    if (state->hand[player][i] == province)
        -:  471:    {
    #####:  472:      score = score + 6;
        -:  473:    };
    #####:  474:    if (state->hand[player][i] == great_hall)
        -:  475:    {
    #####:  476:      score = score + 1;
        -:  477:    };
    #####:  478:    if (state->hand[player][i] == gardens)
        -:  479:    {
    #####:  480:      score = score + (fullDeckCount(player, 0, state) / 10);
        -:  481:    };
        -:  482:  }
        -:  483:
        -:  484:  //score from discard
    #####:  485:  for (i = 0; i < state->discardCount[player]; i++)
        -:  486:  {
    #####:  487:    if (state->discard[player][i] == curse)
        -:  488:    {
    #####:  489:      score = score - 1;
        -:  490:    };
    #####:  491:    if (state->discard[player][i] == estate)
        -:  492:    {
    #####:  493:      score = score + 1;
        -:  494:    };
    #####:  495:    if (state->discard[player][i] == duchy)
        -:  496:    {
    #####:  497:      score = score + 3;
        -:  498:    };
    #####:  499:    if (state->discard[player][i] == province)
        -:  500:    {
    #####:  501:      score = score + 6;
        -:  502:    };
    #####:  503:    if (state->discard[player][i] == great_hall)
        -:  504:    {
    #####:  505:      score = score + 1;
        -:  506:    };
    #####:  507:    if (state->discard[player][i] == gardens)
        -:  508:    {
    #####:  509:      score = score + (fullDeckCount(player, 0, state) / 10);
        -:  510:    };
        -:  511:  }
        -:  512:
        -:  513:  //score from deck
    #####:  514:  for (i = 0; i < state->discardCount[player]; i++)
        -:  515:  {
    #####:  516:    if (state->deck[player][i] == curse)
        -:  517:    {
    #####:  518:      score = score - 1;
        -:  519:    };
    #####:  520:    if (state->deck[player][i] == estate)
        -:  521:    {
    #####:  522:      score = score + 1;
        -:  523:    };
    #####:  524:    if (state->deck[player][i] == duchy)
        -:  525:    {
    #####:  526:      score = score + 3;
        -:  527:    };
    #####:  528:    if (state->deck[player][i] == province)
        -:  529:    {
    #####:  530:      score = score + 6;
        -:  531:    };
    #####:  532:    if (state->deck[player][i] == great_hall)
        -:  533:    {
    #####:  534:      score = score + 1;
        -:  535:    };
    #####:  536:    if (state->deck[player][i] == gardens)
        -:  537:    {
    #####:  538:      score = score + (fullDeckCount(player, 0, state) / 10);
        -:  539:    };
        -:  540:  }
        -:  541:
    #####:  542:  return score;
        -:  543:}
        -:  544:
    #####:  545:int getWinners(int players[MAX_PLAYERS], struct gameState *state)
        -:  546:{
        -:  547:  int i;
        -:  548:  int j;
        -:  549:  int highScore;
        -:  550:  int currentPlayer;
        -:  551:
        -:  552:  //get score for each player
    #####:  553:  for (i = 0; i < MAX_PLAYERS; i++)
        -:  554:  {
        -:  555:    //set unused player scores to -9999
    #####:  556:    if (i >= state->numPlayers)
        -:  557:    {
    #####:  558:      players[i] = -9999;
        -:  559:    }
        -:  560:    else
        -:  561:    {
    #####:  562:      players[i] = scoreFor(i, state);
        -:  563:    }
        -:  564:  }
        -:  565:
        -:  566:  //find highest score
    #####:  567:  j = 0;
    #####:  568:  for (i = 0; i < MAX_PLAYERS; i++)
        -:  569:  {
    #####:  570:    if (players[i] > players[j])
        -:  571:    {
    #####:  572:      j = i;
        -:  573:    }
        -:  574:  }
    #####:  575:  highScore = players[j];
        -:  576:
        -:  577:  //add 1 to players who had less turns
    #####:  578:  currentPlayer = whoseTurn(state);
    #####:  579:  for (i = 0; i < MAX_PLAYERS; i++)
        -:  580:  {
    #####:  581:    if (players[i] == highScore && i > currentPlayer)
        -:  582:    {
    #####:  583:      players[i]++;
        -:  584:    }
        -:  585:  }
        -:  586:
        -:  587:  //find new highest score
    #####:  588:  j = 0;
    #####:  589:  for (i = 0; i < MAX_PLAYERS; i++)
        -:  590:  {
    #####:  591:    if (players[i] > players[j])
        -:  592:    {
    #####:  593:      j = i;
        -:  594:    }
        -:  595:  }
    #####:  596:  highScore = players[j];
        -:  597:
        -:  598:  //set winners in array to 1 and rest to 0
    #####:  599:  for (i = 0; i < MAX_PLAYERS; i++)
        -:  600:  {
    #####:  601:    if (players[i] == highScore)
        -:  602:    {
    #####:  603:      players[i] = 1;
        -:  604:    }
        -:  605:    else
        -:  606:    {
    #####:  607:      players[i] = 0;
        -:  608:    }
        -:  609:  }
        -:  610:
    #####:  611:  return 0;
        -:  612:}
        -:  613:
   120066:  614:int drawCard(int player, struct gameState *state)
        -:  615:{
        -:  616:  int count;
        -:  617:  int deckCounter;
   120066:  618:  if (state->deckCount[player] <= 0)
        -:  619:  { //Deck is empty
        -:  620:
        -:  621:    //Step 1 Shuffle the discard pile back into a deck
        -:  622:    int i;
        -:  623:    //Move discard to deck
    71976:  624:    for (i = 0; i < state->discardCount[player]; i++)
        -:  625:    {
    71730:  626:      state->deck[player][i] = state->discard[player][i];
    71730:  627:      state->discard[player][i] = -1;
        -:  628:    }
        -:  629:
      246:  630:    state->deckCount[player] = state->discardCount[player];
      246:  631:    state->discardCount[player] = 0; //Reset discard
        -:  632:
        -:  633:    //Shufffle the deck
      246:  634:    shuffle(player, state); //Shuffle the deck up and make it so that we can draw
        -:  635:
        -:  636:    if (DEBUG)
        -:  637:    { //Debug statements
        -:  638:      printf("Deck count now: %d\n", state->deckCount[player]);
        -:  639:    }
        -:  640:
      246:  641:    state->discardCount[player] = 0;
        -:  642:
        -:  643:    //Step 2 Draw Card
      246:  644:    count = state->handCount[player]; //Get current player's hand count
        -:  645:
        -:  646:    if (DEBUG)
        -:  647:    { //Debug statements
        -:  648:      printf("Current hand count: %d\n", count);
        -:  649:    }
        -:  650:
      246:  651:    deckCounter = state->deckCount[player]; //Create a holder for the deck count
        -:  652:
      246:  653:    if (deckCounter == 0)
    #####:  654:      return -1;
        -:  655:
      246:  656:    state->hand[player][count] = state->deck[player][deckCounter - 1]; //Add card to hand
      246:  657:    state->deckCount[player]--;
      246:  658:    state->handCount[player]++; //Increment hand count
        -:  659:  }
        -:  660:
        -:  661:  else
        -:  662:  {
   119820:  663:    int count = state->handCount[player]; //Get current hand count for player
        -:  664:    int deckCounter;
        -:  665:    if (DEBUG)
        -:  666:    { //Debug statements
        -:  667:      printf("Current hand count: %d\n", count);
        -:  668:    }
        -:  669:
   119820:  670:    deckCounter = state->deckCount[player];                            //Create holder for the deck count
   119820:  671:    state->hand[player][count] = state->deck[player][deckCounter - 1]; //Add card to the hand
   119820:  672:    state->deckCount[player]--;
   119820:  673:    state->handCount[player]++; //Increment hand count
        -:  674:  }
        -:  675:
   120066:  676:  return 0;
        -:  677:}
        -:  678:
    #####:  679:int getCost(int cardNumber)
        -:  680:{
    #####:  681:  switch (cardNumber)
        -:  682:  {
        -:  683:  case curse:
    #####:  684:    return 0;
        -:  685:  case estate:
    #####:  686:    return 2;
        -:  687:  case duchy:
    #####:  688:    return 5;
        -:  689:  case province:
    #####:  690:    return 8;
        -:  691:  case copper:
    #####:  692:    return 0;
        -:  693:  case silver:
    #####:  694:    return 3;
        -:  695:  case gold:
    #####:  696:    return 6;
        -:  697:  case adventurer:
    #####:  698:    return 6;
        -:  699:  case council_room:
    #####:  700:    return 5;
        -:  701:  case feast:
    #####:  702:    return 4;
        -:  703:  case gardens:
    #####:  704:    return 4;
        -:  705:  case mine:
    #####:  706:    return 5;
        -:  707:  case remodel:
    #####:  708:    return 4;
        -:  709:  case smithy:
    #####:  710:    return 4;
        -:  711:  case village:
    #####:  712:    return 3;
        -:  713:  case baron:
    #####:  714:    return 4;
        -:  715:  case great_hall:
    #####:  716:    return 3;
        -:  717:  case minion:
    #####:  718:    return 5;
        -:  719:  case steward:
    #####:  720:    return 3;
        -:  721:  case tribute:
    #####:  722:    return 5;
        -:  723:  case ambassador:
    #####:  724:    return 3;
        -:  725:  case cutpurse:
    #####:  726:    return 4;
        -:  727:  case embargo:
    #####:  728:    return 2;
        -:  729:  case outpost:
    #####:  730:    return 5;
        -:  731:  case salvager:
    #####:  732:    return 4;
        -:  733:  case sea_hag:
    #####:  734:    return 4;
        -:  735:  case treasure_map:
    #####:  736:    return 4;
        -:  737:  }
        -:  738:
    #####:  739:  return -1;
        -:  740:}
        -:  741:
    #####:  742:int use_adventurer(int drawntreasure, struct gameState *state, int currentPlayer, int cardDrawn, int temphand[], int z)
        -:  743:{
    #####:  744:  while (drawntreasure < 2)
        -:  745:  {
    #####:  746:    if (state->deckCount[currentPlayer] < 1)
        -:  747:    { //if the deck is empty we need to shuffle discard and add to deck
    #####:  748:      shuffle(currentPlayer, state);
        -:  749:    }
    #####:  750:    drawCard(currentPlayer, state);
    #####:  751:    cardDrawn = state->hand[currentPlayer][state->handCount[currentPlayer] - 1]; //top card of hand is most recently drawn card.
    #####:  752:    if (cardDrawn == copper || cardDrawn == silver)                              // || cardDrawn == gold)    // bug
    #####:  753:      drawntreasure++;
        -:  754:    else
        -:  755:    {
    #####:  756:      temphand[z] = cardDrawn;
    #####:  757:      state->handCount[currentPlayer]--; //this should just remove the top card (the most recently drawn one).
    #####:  758:      z++;
        -:  759:    }
        -:  760:  }
    #####:  761:  while (z - 1 >= 0)
        -:  762:  {
    #####:  763:    state->discard[currentPlayer][state->discardCount[currentPlayer]++] = temphand[z - 1]; // discard all cards in play that have been drawn
    #####:  764:    z = z - 1;
        -:  765:  }
    #####:  766:  return 0;
        -:  767:}
        -:  768:
    #####:  769:int use_smithy(int i, int currentPlayer, struct gameState *state, int handPos)
        -:  770:{
        -:  771:  //+3 Cards
        -:  772:  // for(i = 0; i < 3; i++)
    #####:  773:  for (i = 0; i < 2; i++) // bug
        -:  774:  {
    #####:  775:    drawCard(currentPlayer, state);
        -:  776:  }
        -:  777:
        -:  778:  //discard card from hand
    #####:  779:  discardCard(handPos, currentPlayer, state, 0);
    #####:  780:  return 0;
        -:  781:}
        -:  782:
    #####:  783:int use_village(int currentPlayer, struct gameState *state, int handPos)
        -:  784:{
        -:  785:  //+1 Card
    #####:  786:  drawCard(currentPlayer, state);
        -:  787:
        -:  788:  //+2 Actions
        -:  789:  // state->numActions = state->numActions + 2;
    #####:  790:  state->numActions++; // bug
        -:  791:
        -:  792:  //discard played card from hand
    #####:  793:  discardCard(handPos, currentPlayer, state, 0);
    #####:  794:  return 0;
        -:  795:}
        -:  796:
    #####:  797:int use_great_hall(int currentPlayer, struct gameState *state, int handPos)
        -:  798:{
        -:  799:  //+1 Card
    #####:  800:  drawCard(currentPlayer, state);
        -:  801:
        -:  802:  //+1 Actions
        -:  803:  // state->numActions++;
    #####:  804:  state->numActions = state->numActions + 2; // bug
        -:  805:
        -:  806:  //discard card from hand
    #####:  807:  discardCard(handPos, currentPlayer, state, 0);
    #####:  808:  return 0;
        -:  809:}
        -:  810:
    #####:  811:int use_embargo(struct gameState *state, int handPos, int currentPlayer, int choice1)
        -:  812:{
        -:  813:  //+2 Coins
    #####:  814:  state->coins = state->coins + 2;
        -:  815:
        -:  816:  //see if selected pile is in play
    #####:  817:  if (state->supplyCount[choice1] == -1)
        -:  818:  {
    #####:  819:    return -1;
        -:  820:  }
        -:  821:
        -:  822:  //add embargo token to selected supply pile
    #####:  823:  state->embargoTokens[choice1]++;
        -:  824:
        -:  825:  //trash card
    #####:  826:  discardCard(handPos, currentPlayer, state, 1);
    #####:  827:  return 0;
        -:  828:}
        -:  829:
    10000:  830:int cardEffect(int card, int choice1, int choice2, int choice3, struct gameState *state, int handPos, int *bonus)
        -:  831:{
        -:  832:  int i;
        -:  833:  int j;
        -:  834:  int k;
        -:  835:  int x;
        -:  836:  int index;
    10000:  837:  int currentPlayer = whoseTurn(state);
    10000:  838:  int nextPlayer = currentPlayer + 1;
        -:  839:
    10000:  840:  int tributeRevealedCards[2] = {-1, -1};
        -:  841:  int temphand[MAX_HAND]; // moved above the if statement
    10000:  842:  int drawntreasure = 0;
        -:  843:  int cardDrawn;
    10000:  844:  int z = 0; // this is the counter for the temp hand
    10000:  845:  if (nextPlayer > (state->numPlayers - 1))
        -:  846:  {
    #####:  847:    nextPlayer = 0;
        -:  848:  }
        -:  849:
        -:  850:  //uses switch to select card and perform actions
    10000:  851:  switch (card)
        -:  852:  {
        -:  853:
        -:  854:  case adventurer:
    #####:  855:    return use_adventurer(drawntreasure, state, currentPlayer, cardDrawn, temphand, z);
        -:  856:  /*
        -:  857:      while(drawntreasure<2){
        -:  858:	if (state->deckCount[currentPlayer] <1){//if the deck is empty we need to shuffle discard and add to deck
        -:  859:	  shuffle(currentPlayer, state);
        -:  860:	}
        -:  861:	drawCard(currentPlayer, state);
        -:  862:	cardDrawn = state->hand[currentPlayer][state->handCount[currentPlayer]-1];//top card of hand is most recently drawn card.
        -:  863:	if (cardDrawn == copper || cardDrawn == silver || cardDrawn == gold)
        -:  864:	  drawntreasure++;
        -:  865:	else{
        -:  866:	  temphand[z]=cardDrawn;
        -:  867:	  state->handCount[currentPlayer]--; //this should just remove the top card (the most recently drawn one).
        -:  868:	  z++;
        -:  869:	}
        -:  870:      }
        -:  871:      while(z-1>=0){
        -:  872:	state->discard[currentPlayer][state->discardCount[currentPlayer]++]=temphand[z-1]; // discard all cards in play that have been drawn
        -:  873:	z=z-1;
        -:  874:      }
        -:  875:      return 0;
        -:  876:	*/
        -:  877:  case council_room:
        -:  878:    //+4 Cards
    50000:  879:    for (i = 0; i < 4; i++)
        -:  880:    {
    40000:  881:      drawCard(currentPlayer, state);
        -:  882:    }
        -:  883:
        -:  884:    //+1 Buy
    10000:  885:    state->numBuys++;
        -:  886:
        -:  887:    //Each other player draws a card
    40033:  888:    for (i = 0; i < state->numPlayers; i++)
        -:  889:    {
    30033:  890:      if (i != currentPlayer)
        -:  891:      {
    20033:  892:        drawCard(i, state);
        -:  893:      }
        -:  894:    }
        -:  895:
        -:  896:    //put played card in played card pile
    10000:  897:    discardCard(handPos, currentPlayer, state, 0);
        -:  898:
    10000:  899:    return 0;
        -:  900:
        -:  901:  case feast:
        -:  902:    //gain card with cost up to 5
        -:  903:    //Backup hand
    #####:  904:    for (i = 0; i <= state->handCount[currentPlayer]; i++)
        -:  905:    {
    #####:  906:      temphand[i] = state->hand[currentPlayer][i]; //Backup card
    #####:  907:      state->hand[currentPlayer][i] = -1;          //Set to nothing
        -:  908:    }
        -:  909:    //Backup hand
        -:  910:
        -:  911:    //Update Coins for Buy
    #####:  912:    updateCoins(currentPlayer, state, 5);
    #####:  913:    x = 1; //Condition to loop on
    #####:  914:    while (x == 1)
        -:  915:    { //Buy one card
    #####:  916:      if (supplyCount(choice1, state) <= 0)
        -:  917:      {
        -:  918:        if (DEBUG)
        -:  919:          printf("None of that card left, sorry!\n");
        -:  920:
        -:  921:        if (DEBUG)
        -:  922:        {
        -:  923:          printf("Cards Left: %d\n", supplyCount(choice1, state));
        -:  924:        }
        -:  925:      }
    #####:  926:      else if (state->coins < getCost(choice1))
        -:  927:      {
    #####:  928:        printf("That card is too expensive!\n");
        -:  929:
        -:  930:        if (DEBUG)
        -:  931:        {
        -:  932:          printf("Coins: %d < %d\n", state->coins, getCost(choice1));
        -:  933:        }
        -:  934:      }
        -:  935:      else
        -:  936:      {
        -:  937:
        -:  938:        if (DEBUG)
        -:  939:        {
        -:  940:          printf("Deck Count: %d\n", state->handCount[currentPlayer] + state->deckCount[currentPlayer] + state->discardCount[currentPlayer]);
        -:  941:        }
        -:  942:
    #####:  943:        gainCard(choice1, state, 0, currentPlayer); //Gain the card
    #####:  944:        x = 0;                                      //No more buying cards
        -:  945:
        -:  946:        if (DEBUG)
        -:  947:        {
        -:  948:          printf("Deck Count: %d\n", state->handCount[currentPlayer] + state->deckCount[currentPlayer] + state->discardCount[currentPlayer]);
        -:  949:        }
        -:  950:      }
        -:  951:    }
        -:  952:
        -:  953:    //Reset Hand
    #####:  954:    for (i = 0; i <= state->handCount[currentPlayer]; i++)
        -:  955:    {
    #####:  956:      state->hand[currentPlayer][i] = temphand[i];
    #####:  957:      temphand[i] = -1;
        -:  958:    }
        -:  959:    //Reset Hand
        -:  960:
    #####:  961:    return 0;
        -:  962:
        -:  963:  case gardens:
    #####:  964:    return -1;
        -:  965:
        -:  966:  case mine:
    #####:  967:    j = state->hand[currentPlayer][choice1]; //store card we will trash
        -:  968:
    #####:  969:    if (state->hand[currentPlayer][choice1] < copper || state->hand[currentPlayer][choice1] > gold)
        -:  970:    {
    #####:  971:      return -1;
        -:  972:    }
        -:  973:
    #####:  974:    if (choice2 > treasure_map || choice2 < curse)
        -:  975:    {
    #####:  976:      return -1;
        -:  977:    }
        -:  978:
    #####:  979:    if ((getCost(state->hand[currentPlayer][choice1]) + 3) > getCost(choice2))
        -:  980:    {
    #####:  981:      return -1;
        -:  982:    }
        -:  983:
    #####:  984:    gainCard(choice2, state, 2, currentPlayer);
        -:  985:
        -:  986:    //discard card from hand
    #####:  987:    discardCard(handPos, currentPlayer, state, 0);
        -:  988:
        -:  989:    //discard trashed card
    #####:  990:    for (i = 0; i < state->handCount[currentPlayer]; i++)
        -:  991:    {
    #####:  992:      if (state->hand[currentPlayer][i] == j)
        -:  993:      {
    #####:  994:        discardCard(i, currentPlayer, state, 0);
    #####:  995:        break;
        -:  996:      }
        -:  997:    }
        -:  998:
    #####:  999:    return 0;
        -: 1000:
        -: 1001:  case remodel:
    #####: 1002:    j = state->hand[currentPlayer][choice1]; //store card we will trash
        -: 1003:
    #####: 1004:    if ((getCost(state->hand[currentPlayer][choice1]) + 2) > getCost(choice2))
        -: 1005:    {
    #####: 1006:      return -1;
        -: 1007:    }
        -: 1008:
    #####: 1009:    gainCard(choice2, state, 0, currentPlayer);
        -: 1010:
        -: 1011:    //discard card from hand
    #####: 1012:    discardCard(handPos, currentPlayer, state, 0);
        -: 1013:
        -: 1014:    //discard trashed card
    #####: 1015:    for (i = 0; i < state->handCount[currentPlayer]; i++)
        -: 1016:    {
    #####: 1017:      if (state->hand[currentPlayer][i] == j)
        -: 1018:      {
    #####: 1019:        discardCard(i, currentPlayer, state, 0);
    #####: 1020:        break;
        -: 1021:      }
        -: 1022:    }
        -: 1023:
    #####: 1024:    return 0;
        -: 1025:
        -: 1026:  case smithy:
    #####: 1027:    return use_smithy(i, currentPlayer, state, handPos);
        -: 1028:    /*
        -: 1029:      //+3 Cards
        -: 1030:      for (i = 0; i < 3; i++)
        -: 1031:	{
        -: 1032:	  drawCard(currentPlayer, state);
        -: 1033:	}
        -: 1034:			
        -: 1035:      //discard card from hand
        -: 1036:      discardCard(handPos, currentPlayer, state, 0);
        -: 1037:      return 0;
        -: 1038:	*/
        -: 1039:
        -: 1040:  case village:
    #####: 1041:    return use_village(currentPlayer, state, handPos);
        -: 1042:  /*
        -: 1043:      //+1 Card
        -: 1044:      drawCard(currentPlayer, state);
        -: 1045:			
        -: 1046:      //+2 Actions
        -: 1047:      state->numActions = state->numActions + 2;
        -: 1048:			
        -: 1049:      //discard played card from hand
        -: 1050:      discardCard(handPos, currentPlayer, state, 0);
        -: 1051:      return 0;
        -: 1052:	*/
        -: 1053:  case baron:
    #####: 1054:    state->numBuys++; //Increase buys by 1!
    #####: 1055:    if (choice1 > 0)
        -: 1056:    {                             //Boolean true or going to discard an estate
    #####: 1057:      int p = 0;                  //Iterator for hand!
    #####: 1058:      int card_not_discarded = 1; //Flag for discard set!
    #####: 1059:      while (card_not_discarded)
        -: 1060:      {
    #####: 1061:        if (state->hand[currentPlayer][p] == estate)
        -: 1062:        {                    //Found an estate card!
    #####: 1063:          state->coins += 4; //Add 4 coins to the amount of coins
    #####: 1064:          state->discard[currentPlayer][state->discardCount[currentPlayer]] = state->hand[currentPlayer][p];
    #####: 1065:          state->discardCount[currentPlayer]++;
    #####: 1066:          for (; p < state->handCount[currentPlayer]; p++)
        -: 1067:          {
    #####: 1068:            state->hand[currentPlayer][p] = state->hand[currentPlayer][p + 1];
        -: 1069:          }
    #####: 1070:          state->hand[currentPlayer][state->handCount[currentPlayer]] = -1;
    #####: 1071:          state->handCount[currentPlayer]--;
    #####: 1072:          card_not_discarded = 0; //Exit the loop
        -: 1073:        }
    #####: 1074:        else if (p > state->handCount[currentPlayer])
        -: 1075:        {
        -: 1076:          if (DEBUG)
        -: 1077:          {
        -: 1078:            printf("No estate cards in your hand, invalid choice\n");
        -: 1079:            printf("Must gain an estate if there are any\n");
        -: 1080:          }
    #####: 1081:          if (supplyCount(estate, state) > 0)
        -: 1082:          {
    #####: 1083:            gainCard(estate, state, 0, currentPlayer);
    #####: 1084:            state->supplyCount[estate]--; //Decrement estates
    #####: 1085:            if (supplyCount(estate, state) == 0)
        -: 1086:            {
    #####: 1087:              isGameOver(state);
        -: 1088:            }
        -: 1089:          }
    #####: 1090:          card_not_discarded = 0; //Exit the loop
        -: 1091:        }
        -: 1092:
        -: 1093:        else
        -: 1094:        {
    #####: 1095:          p++; //Next card
        -: 1096:        }
        -: 1097:      }
        -: 1098:    }
        -: 1099:
        -: 1100:    else
        -: 1101:    {
    #####: 1102:      if (supplyCount(estate, state) > 0)
        -: 1103:      {
    #####: 1104:        gainCard(estate, state, 0, currentPlayer); //Gain an estate
    #####: 1105:        state->supplyCount[estate]--;              //Decrement Estates
    #####: 1106:        if (supplyCount(estate, state) == 0)
        -: 1107:        {
    #####: 1108:          isGameOver(state);
        -: 1109:        }
        -: 1110:      }
        -: 1111:    }
        -: 1112:
    #####: 1113:    return 0;
        -: 1114:
        -: 1115:  case great_hall:
    #####: 1116:    return use_great_hall(currentPlayer, state, handPos);
        -: 1117:  /*
        -: 1118:      //+1 Card
        -: 1119:      drawCard(currentPlayer, state);
        -: 1120:			
        -: 1121:      //+1 Actions
        -: 1122:      state->numActions++;
        -: 1123:			
        -: 1124:      //discard card from hand
        -: 1125:      discardCard(handPos, currentPlayer, state, 0);
        -: 1126:      return 0;
        -: 1127:	*/
        -: 1128:  case minion:
        -: 1129:    //+1 action
    #####: 1130:    state->numActions++;
        -: 1131:
        -: 1132:    //discard card from hand
    #####: 1133:    discardCard(handPos, currentPlayer, state, 0);
        -: 1134:
    #####: 1135:    if (choice1) //+2 coins
        -: 1136:    {
    #####: 1137:      state->coins = state->coins + 2;
        -: 1138:    }
        -: 1139:
    #####: 1140:    else if (choice2) //discard hand, redraw 4, other players with 5+ cards discard hand and draw 4
        -: 1141:    {
        -: 1142:      //discard hand
    #####: 1143:      while (numHandCards(state) > 0)
        -: 1144:      {
    #####: 1145:        discardCard(handPos, currentPlayer, state, 0);
        -: 1146:      }
        -: 1147:
        -: 1148:      //draw 4
    #####: 1149:      for (i = 0; i < 4; i++)
        -: 1150:      {
    #####: 1151:        drawCard(currentPlayer, state);
        -: 1152:      }
        -: 1153:
        -: 1154:      //other players discard hand and redraw if hand size > 4
    #####: 1155:      for (i = 0; i < state->numPlayers; i++)
        -: 1156:      {
    #####: 1157:        if (i != currentPlayer)
        -: 1158:        {
    #####: 1159:          if (state->handCount[i] > 4)
        -: 1160:          {
        -: 1161:            //discard hand
    #####: 1162:            while (state->handCount[i] > 0)
        -: 1163:            {
    #####: 1164:              discardCard(handPos, i, state, 0);
        -: 1165:            }
        -: 1166:
        -: 1167:            //draw 4
    #####: 1168:            for (j = 0; j < 4; j++)
        -: 1169:            {
    #####: 1170:              drawCard(i, state);
        -: 1171:            }
        -: 1172:          }
        -: 1173:        }
        -: 1174:      }
        -: 1175:    }
    #####: 1176:    return 0;
        -: 1177:
        -: 1178:  case steward:
    #####: 1179:    if (choice1 == 1)
        -: 1180:    {
        -: 1181:      //+2 cards
    #####: 1182:      drawCard(currentPlayer, state);
    #####: 1183:      drawCard(currentPlayer, state);
        -: 1184:    }
    #####: 1185:    else if (choice1 == 2)
        -: 1186:    {
        -: 1187:      //+2 coins
    #####: 1188:      state->coins = state->coins + 2;
        -: 1189:    }
        -: 1190:    else
        -: 1191:    {
        -: 1192:      //trash 2 cards in hand
    #####: 1193:      discardCard(choice2, currentPlayer, state, 1);
    #####: 1194:      discardCard(choice3, currentPlayer, state, 1);
        -: 1195:    }
        -: 1196:
        -: 1197:    //discard card from hand
    #####: 1198:    discardCard(handPos, currentPlayer, state, 0);
    #####: 1199:    return 0;
        -: 1200:
        -: 1201:  case tribute:
    #####: 1202:    if ((state->discardCount[nextPlayer] + state->deckCount[nextPlayer]) <= 1)
        -: 1203:    {
    #####: 1204:      if (state->deckCount[nextPlayer] > 0)
        -: 1205:      {
    #####: 1206:        tributeRevealedCards[0] = state->deck[nextPlayer][state->deckCount[nextPlayer] - 1];
    #####: 1207:        state->deckCount[nextPlayer]--;
        -: 1208:      }
    #####: 1209:      else if (state->discardCount[nextPlayer] > 0)
        -: 1210:      {
    #####: 1211:        tributeRevealedCards[0] = state->discard[nextPlayer][state->discardCount[nextPlayer] - 1];
    #####: 1212:        state->discardCount[nextPlayer]--;
        -: 1213:      }
        -: 1214:      else
        -: 1215:      {
        -: 1216:        //No Card to Reveal
        -: 1217:        if (DEBUG)
        -: 1218:        {
        -: 1219:          printf("No cards to reveal\n");
        -: 1220:        }
        -: 1221:      }
        -: 1222:    }
        -: 1223:
        -: 1224:    else
        -: 1225:    {
    #####: 1226:      if (state->deckCount[nextPlayer] == 0)
        -: 1227:      {
    #####: 1228:        for (i = 0; i < state->discardCount[nextPlayer]; i++)
        -: 1229:        {
    #####: 1230:          state->deck[nextPlayer][i] = state->discard[nextPlayer][i]; //Move to deck
    #####: 1231:          state->deckCount[nextPlayer]++;
    #####: 1232:          state->discard[nextPlayer][i] = -1;
    #####: 1233:          state->discardCount[nextPlayer]--;
        -: 1234:        }
        -: 1235:
    #####: 1236:        shuffle(nextPlayer, state); //Shuffle the deck
        -: 1237:      }
    #####: 1238:      tributeRevealedCards[0] = state->deck[nextPlayer][state->deckCount[nextPlayer] - 1];
    #####: 1239:      state->deck[nextPlayer][state->deckCount[nextPlayer]--] = -1;
    #####: 1240:      state->deckCount[nextPlayer]--;
    #####: 1241:      tributeRevealedCards[1] = state->deck[nextPlayer][state->deckCount[nextPlayer] - 1];
    #####: 1242:      state->deck[nextPlayer][state->deckCount[nextPlayer]--] = -1;
    #####: 1243:      state->deckCount[nextPlayer]--;
        -: 1244:    }
        -: 1245:
    #####: 1246:    if (tributeRevealedCards[0] == tributeRevealedCards[1])
        -: 1247:    { //If we have a duplicate card, just drop one
    #####: 1248:      state->playedCards[state->playedCardCount] = tributeRevealedCards[1];
    #####: 1249:      state->playedCardCount++;
    #####: 1250:      tributeRevealedCards[1] = -1;
        -: 1251:    }
        -: 1252:
    #####: 1253:    for (i = 0; i <= 2; i++)
        -: 1254:    {
    #####: 1255:      if (tributeRevealedCards[i] == copper || tributeRevealedCards[i] == silver || tributeRevealedCards[i] == gold)
        -: 1256:      { //Treasure cards
    #####: 1257:        state->coins += 2;
        -: 1258:      }
        -: 1259:
    #####: 1260:      else if (tributeRevealedCards[i] == estate || tributeRevealedCards[i] == duchy || tributeRevealedCards[i] == province || tributeRevealedCards[i] == gardens || tributeRevealedCards[i] == great_hall)
        -: 1261:      { //Victory Card Found
    #####: 1262:        drawCard(currentPlayer, state);
    #####: 1263:        drawCard(currentPlayer, state);
        -: 1264:      }
        -: 1265:      else
        -: 1266:      { //Action Card
    #####: 1267:        state->numActions = state->numActions + 2;
        -: 1268:      }
        -: 1269:    }
        -: 1270:
    #####: 1271:    return 0;
        -: 1272:
        -: 1273:  case ambassador:
    #####: 1274:    j = 0; //used to check if player has enough cards to discard
        -: 1275:
    #####: 1276:    if (choice2 > 2 || choice2 < 0)
        -: 1277:    {
    #####: 1278:      return -1;
        -: 1279:    }
        -: 1280:
    #####: 1281:    if (choice1 == handPos)
        -: 1282:    {
    #####: 1283:      return -1;
        -: 1284:    }
        -: 1285:
    #####: 1286:    for (i = 0; i < state->handCount[currentPlayer]; i++)
        -: 1287:    {
    #####: 1288:      if (i != handPos && i == state->hand[currentPlayer][choice1] && i != choice1)
        -: 1289:      {
    #####: 1290:        j++;
        -: 1291:      }
        -: 1292:    }
    #####: 1293:    if (j < choice2)
        -: 1294:    {
    #####: 1295:      return -1;
        -: 1296:    }
        -: 1297:
        -: 1298:    if (DEBUG)
        -: 1299:      printf("Player %d reveals card number: %d\n", currentPlayer, state->hand[currentPlayer][choice1]);
        -: 1300:
        -: 1301:    //increase supply count for choosen card by amount being discarded
    #####: 1302:    state->supplyCount[state->hand[currentPlayer][choice1]] += choice2;
        -: 1303:
        -: 1304:    //each other player gains a copy of revealed card
    #####: 1305:    for (i = 0; i < state->numPlayers; i++)
        -: 1306:    {
    #####: 1307:      if (i != currentPlayer)
        -: 1308:      {
    #####: 1309:        gainCard(state->hand[currentPlayer][choice1], state, 0, i);
        -: 1310:      }
        -: 1311:    }
        -: 1312:
        -: 1313:    //discard played card from hand
    #####: 1314:    discardCard(handPos, currentPlayer, state, 0);
        -: 1315:
        -: 1316:    //trash copies of cards returned to supply
    #####: 1317:    for (j = 0; j < choice2; j++)
        -: 1318:    {
    #####: 1319:      for (i = 0; i < state->handCount[currentPlayer]; i++)
        -: 1320:      {
    #####: 1321:        if (state->hand[currentPlayer][i] == state->hand[currentPlayer][choice1])
        -: 1322:        {
    #####: 1323:          discardCard(i, currentPlayer, state, 1);
    #####: 1324:          break;
        -: 1325:        }
        -: 1326:      }
        -: 1327:    }
        -: 1328:
    #####: 1329:    return 0;
        -: 1330:
        -: 1331:  case cutpurse:
        -: 1332:
    #####: 1333:    updateCoins(currentPlayer, state, 2);
    #####: 1334:    for (i = 0; i < state->numPlayers; i++)
        -: 1335:    {
    #####: 1336:      if (i != currentPlayer)
        -: 1337:      {
    #####: 1338:        for (j = 0; j < state->handCount[i]; j++)
        -: 1339:        {
    #####: 1340:          if (state->hand[i][j] == copper)
        -: 1341:          {
    #####: 1342:            discardCard(j, i, state, 0);
    #####: 1343:            break;
        -: 1344:          }
    #####: 1345:          if (j == state->handCount[i])
        -: 1346:          {
    #####: 1347:            for (k = 0; k < state->handCount[i]; k++)
        -: 1348:            {
        -: 1349:              if (DEBUG)
        -: 1350:                printf("Player %d reveals card number %d\n", i, state->hand[i][k]);
        -: 1351:            }
    #####: 1352:            break;
        -: 1353:          }
        -: 1354:        }
        -: 1355:      }
        -: 1356:    }
        -: 1357:
        -: 1358:    //discard played card from hand
    #####: 1359:    discardCard(handPos, currentPlayer, state, 0);
        -: 1360:
    #####: 1361:    return 0;
        -: 1362:
        -: 1363:  case embargo:
    #####: 1364:    return use_embargo(state, handPos, currentPlayer, choice1);
        -: 1365:  /*
        -: 1366:      //+2 Coins
        -: 1367:      state->coins = state->coins + 2;
        -: 1368:			
        -: 1369:      //see if selected pile is in play
        -: 1370:      if ( state->supplyCount[choice1] == -1 )
        -: 1371:	{
        -: 1372:	  return -1;
        -: 1373:	}
        -: 1374:			
        -: 1375:      //add embargo token to selected supply pile
        -: 1376:      state->embargoTokens[choice1]++;
        -: 1377:			
        -: 1378:      //trash card
        -: 1379:      discardCard(handPos, currentPlayer, state, 1);		
        -: 1380:      return 0;
        -: 1381:	*/
        -: 1382:  case outpost:
        -: 1383:    //set outpost flag
    #####: 1384:    state->outpostPlayed++;
        -: 1385:
        -: 1386:    //discard card
    #####: 1387:    discardCard(handPos, currentPlayer, state, 0);
    #####: 1388:    return 0;
        -: 1389:
        -: 1390:  case salvager:
        -: 1391:    //+1 buy
    #####: 1392:    state->numBuys++;
        -: 1393:
    #####: 1394:    if (choice1)
        -: 1395:    {
        -: 1396:      //gain coins equal to trashed card
    #####: 1397:      state->coins = state->coins + getCost(handCard(choice1, state));
        -: 1398:      //trash card
    #####: 1399:      discardCard(choice1, currentPlayer, state, 1);
        -: 1400:    }
        -: 1401:
        -: 1402:    //discard card
    #####: 1403:    discardCard(handPos, currentPlayer, state, 0);
    #####: 1404:    return 0;
        -: 1405:
        -: 1406:  case sea_hag:
    #####: 1407:    for (i = 0; i < state->numPlayers; i++)
        -: 1408:    {
    #####: 1409:      if (i != currentPlayer)
        -: 1410:      {
    #####: 1411:        state->discard[i][state->discardCount[i]] = state->deck[i][state->deckCount[i]--];
    #####: 1412:        state->deckCount[i]--;
    #####: 1413:        state->discardCount[i]++;
    #####: 1414:        state->deck[i][state->deckCount[i]--] = curse; //Top card now a curse
        -: 1415:      }
        -: 1416:    }
    #####: 1417:    return 0;
        -: 1418:
        -: 1419:  case treasure_map:
        -: 1420:    //search hand for another treasure_map
    #####: 1421:    index = -1;
    #####: 1422:    for (i = 0; i < state->handCount[currentPlayer]; i++)
        -: 1423:    {
    #####: 1424:      if (state->hand[currentPlayer][i] == treasure_map && i != handPos)
        -: 1425:      {
    #####: 1426:        index = i;
    #####: 1427:        break;
        -: 1428:      }
        -: 1429:    }
    #####: 1430:    if (index > -1)
        -: 1431:    {
        -: 1432:      //trash both treasure cards
    #####: 1433:      discardCard(handPos, currentPlayer, state, 1);
    #####: 1434:      discardCard(index, currentPlayer, state, 1);
        -: 1435:
        -: 1436:      //gain 4 Gold cards
    #####: 1437:      for (i = 0; i < 4; i++)
        -: 1438:      {
    #####: 1439:        gainCard(gold, state, 1, currentPlayer);
        -: 1440:      }
        -: 1441:
        -: 1442:      //return success
    #####: 1443:      return 1;
        -: 1444:    }
        -: 1445:
        -: 1446:    //no second treasure_map found in hand
    #####: 1447:    return -1;
        -: 1448:  }
        -: 1449:
    #####: 1450:  return -1;
        -: 1451:}
        -: 1452:
    20000: 1453:int discardCard(int handPos, int currentPlayer, struct gameState *state, int trashFlag)
        -: 1454:{
        -: 1455:
        -: 1456:  //if card is not trashed, added to Played pile
    20000: 1457:  if (trashFlag < 1)
        -: 1458:  {
        -: 1459:    //add card to played pile
    20000: 1460:    state->playedCards[state->playedCardCount] = state->hand[currentPlayer][handPos];
    20000: 1461:    state->playedCardCount++;
        -: 1462:  }
        -: 1463:
        -: 1464:  //set played card to -1
    20000: 1465:  state->hand[currentPlayer][handPos] = -1;
        -: 1466:
        -: 1467:  //remove card from player's hand
    20000: 1468:  if (handPos == (state->handCount[currentPlayer] - 1)) //last card in hand array is played
        -: 1469:  {
        -: 1470:    //reduce number of cards in hand
    #####: 1471:    state->handCount[currentPlayer]--;
        -: 1472:  }
    20000: 1473:  else if (state->handCount[currentPlayer] == 1) //only one card in hand
        -: 1474:  {
        -: 1475:    //reduce number of cards in hand
    #####: 1476:    state->handCount[currentPlayer]--;
        -: 1477:  }
        -: 1478:  else
        -: 1479:  {
        -: 1480:    //replace discarded card with last card in hand
    20000: 1481:    state->hand[currentPlayer][handPos] = state->hand[currentPlayer][(state->handCount[currentPlayer] - 1)];
        -: 1482:    //set last card to -1
    20000: 1483:    state->hand[currentPlayer][state->handCount[currentPlayer] - 1] = -1;
        -: 1484:    //reduce number of cards in hand
    20000: 1485:    state->handCount[currentPlayer]--;
        -: 1486:  }
        -: 1487:
    20000: 1488:  return 0;
        -: 1489:}
        -: 1490:
    #####: 1491:int gainCard(int supplyPos, struct gameState *state, int toFlag, int player)
        -: 1492:{
        -: 1493:  //Note: supplyPos is enum of choosen card
        -: 1494:
        -: 1495:  //check if supply pile is empty (0) or card is not used in game (-1)
    #####: 1496:  if (supplyCount(supplyPos, state) < 1)
        -: 1497:  {
    #####: 1498:    return -1;
        -: 1499:  }
        -: 1500:
        -: 1501:  //added card for [whoseTurn] current player:
        -: 1502:  // toFlag = 0 : add to discard
        -: 1503:  // toFlag = 1 : add to deck
        -: 1504:  // toFlag = 2 : add to hand
        -: 1505:
    #####: 1506:  if (toFlag == 1)
        -: 1507:  {
    #####: 1508:    state->deck[player][state->deckCount[player]] = supplyPos;
    #####: 1509:    state->deckCount[player]++;
        -: 1510:  }
    #####: 1511:  else if (toFlag == 2)
        -: 1512:  {
    #####: 1513:    state->hand[player][state->handCount[player]] = supplyPos;
    #####: 1514:    state->handCount[player]++;
        -: 1515:  }
        -: 1516:  else
        -: 1517:  {
    #####: 1518:    state->discard[player][state->discardCount[player]] = supplyPos;
    #####: 1519:    state->discardCount[player]++;
        -: 1520:  }
        -: 1521:
        -: 1522:  //decrease number in supply pile
    #####: 1523:  state->supplyCount[supplyPos]--;
        -: 1524:
    #####: 1525:  return 0;
        -: 1526:}
        -: 1527:
    #####: 1528:int updateCoins(int player, struct gameState *state, int bonus)
        -: 1529:{
        -: 1530:  int i;
        -: 1531:
        -: 1532:  //reset coin count
    #####: 1533:  state->coins = 0;
        -: 1534:
        -: 1535:  //add coins for each Treasure card in player's hand
    #####: 1536:  for (i = 0; i < state->handCount[player]; i++)
        -: 1537:  {
    #####: 1538:    if (state->hand[player][i] == copper)
        -: 1539:    {
    #####: 1540:      state->coins += 1;
        -: 1541:    }
    #####: 1542:    else if (state->hand[player][i] == silver)
        -: 1543:    {
    #####: 1544:      state->coins += 2;
        -: 1545:    }
    #####: 1546:    else if (state->hand[player][i] == gold)
        -: 1547:    {
    #####: 1548:      state->coins += 3;
        -: 1549:    }
        -: 1550:  }
        -: 1551:
        -: 1552:  //add bonus
    #####: 1553:  state->coins += bonus;
        -: 1554:
    #####: 1555:  return 0;
        -: 1556:}
        -: 1557:
        -: 1558://end of dominion.c
