        -:    0:Source:unittest2.c
        -:    0:Graph:unittest2.gcno
        -:    0:Data:unittest2.gcda
        -:    0:Runs:1
        -:    0:Programs:1
        -:    1:// unittest2.c 
        -:    2:// This tests the isGameOver() function 
        -:    3:
        -:    4:#include "dominion.h"
        -:    5:#include "dominion_helpers.h"
        -:    6:#include <string.h>
        -:    7:#include <stdio.h>
        -:    8:#include <assert.h>
        -:    9:#include "rngs.h"
        -:   10:
        -:   11:// global count of test failures
        -:   12:int failureCount = 0;
        -:   13:
        -:   14:// my own assertTrue function - this checkes if two ints are equal or not
        3:   15:void assertTrue(int a, int b) {
        3:   16:    if (a == b) {
        3:   17:        printf("Test: SUCCESSFULLY COMPLETED\n");
        -:   18:    }
        -:   19:    else {
    #####:   20:        printf("Test: FAILED\n");
    #####:   21:        failureCount++;
        -:   22:    }
        3:   23:}
        -:   24:
        -:   25:// runs the tests
        1:   26:int main () {
        1:   27:    int numbPlayers = 2;
        -:   28:
        -:   29:    // kingdom cards
        1:   30:    int k[10] = {adventurer, council_room, feast, gardens, mine,
        -:   31:               remodel, smithy, village, baron, great_hall};
        1:   32:    int seed = 2000;
        -:   33:    struct gameState state;
        -:   34:
        1:   35:    printf("Testing -> isGameOver()\n");
        -:   36:
        1:   37:    memset(&state,23,sizeof(struct gameState));
        1:   38:    initializeGame(numbPlayers, k, seed, &state);
        -:   39:
        1:   40:    state.supplyCount[province] = 0;
        -:   41:
        1:   42:    printf("\nProvince cards empty\n");
        1:   43:    assertTrue(isGameOver(&state),1);
        -:   44:
        1:   45:    state.supplyCount[province] = 1;
        -:   46:
        1:   47:    state.supplyCount[0] = 0;
        1:   48:    state.supplyCount[1] = 0;
        1:   49:    state.supplyCount[2] = 0;
        -:   50:
        1:   51:    printf("\nThree supply piles empty\n");
        1:   52:    assertTrue(isGameOver(&state),1);
        -:   53:
        1:   54:    state.supplyCount[0] = 1;
        1:   55:    state.supplyCount[1] = 1;
        1:   56:    state.supplyCount[2] = 1;
        -:   57:
        1:   58:    printf("\nProvince cards not empty\n");
        1:   59:    printf("\nThree supply piles not empty\n");
        1:   60:    assertTrue(isGameOver(&state),0);
        -:   61:
        1:   62:    if (failureCount) {
    #####:   63:        printf("\nTEST FAILED\n");
    #####:   64:        printf("Fails: %d\n",failureCount);
        -:   65:    }
        -:   66:    else {
        1:   67:        printf("\nTEST SUCCESSFULLY COMPLETED\n\n");
        -:   68:    }
        -:   69:
        1:   70:    return 0;
        -:   71:}
